{"level":"info","message":"Connected to MongoDB","service":"devforge-backend","timestamp":"2025-06-01T01:42:20.147Z"}
{"containers":28,"images":14,"level":"info","message":"Docker connection established:","service":"devforge-backend","timestamp":"2025-06-01T01:42:20.178Z","version":"27.5.1"}
{"level":"info","message":"Pulling image: codercom/code-server:latest","service":"devforge-backend","timestamp":"2025-06-01T01:42:20.178Z"}
{"level":"info","message":"Successfully pulled: codercom/code-server:latest","service":"devforge-backend","timestamp":"2025-06-01T01:42:21.545Z"}
{"level":"info","message":"Pulling image: node:18-alpine","service":"devforge-backend","timestamp":"2025-06-01T01:42:21.545Z"}
{"level":"info","message":"Successfully pulled: node:18-alpine","service":"devforge-backend","timestamp":"2025-06-01T01:42:23.399Z"}
{"level":"info","message":"Pulling image: python:3.11-alpine","service":"devforge-backend","timestamp":"2025-06-01T01:42:23.399Z"}
{"level":"info","message":"Successfully pulled: python:3.11-alpine","service":"devforge-backend","timestamp":"2025-06-01T01:42:24.856Z"}
{"level":"info","message":"Pulling image: rust:1.70-alpine","service":"devforge-backend","timestamp":"2025-06-01T01:42:24.857Z"}
{"level":"info","message":"Successfully pulled: rust:1.70-alpine","service":"devforge-backend","timestamp":"2025-06-01T01:42:26.534Z"}
{"level":"info","message":"Docker service initialized","service":"devforge-backend","timestamp":"2025-06-01T01:42:26.537Z"}
{"level":"info","message":"WebSocket service initialized","service":"devforge-backend","timestamp":"2025-06-01T01:42:26.538Z"}
{"level":"info","message":"DevForge backend server running on port 9000","service":"devforge-backend","timestamp":"2025-06-01T01:42:26.542Z"}
{"level":"info","message":"Connected to MongoDB","service":"devforge-backend","timestamp":"2025-06-01T01:55:27.742Z"}
{"containers":29,"images":18,"level":"info","message":"Docker connection established:","service":"devforge-backend","timestamp":"2025-06-01T01:55:27.773Z","version":"27.5.1"}
{"level":"info","message":"Pulling image: codercom/code-server:latest","service":"devforge-backend","timestamp":"2025-06-01T01:55:27.776Z"}
{"level":"info","message":"Successfully pulled: codercom/code-server:latest","service":"devforge-backend","timestamp":"2025-06-01T01:55:28.780Z"}
{"level":"info","message":"Pulling image: node:18-alpine","service":"devforge-backend","timestamp":"2025-06-01T01:55:28.780Z"}
{"level":"info","message":"Successfully pulled: node:18-alpine","service":"devforge-backend","timestamp":"2025-06-01T01:55:29.771Z"}
{"level":"info","message":"Pulling image: python:3.11-alpine","service":"devforge-backend","timestamp":"2025-06-01T01:55:29.772Z"}
{"level":"info","message":"Successfully pulled: python:3.11-alpine","service":"devforge-backend","timestamp":"2025-06-01T01:55:30.773Z"}
{"level":"info","message":"Pulling image: rust:1.70-alpine","service":"devforge-backend","timestamp":"2025-06-01T01:55:30.774Z"}
{"level":"info","message":"Successfully pulled: rust:1.70-alpine","service":"devforge-backend","timestamp":"2025-06-01T01:55:31.762Z"}
{"level":"info","message":"Docker service initialized","service":"devforge-backend","timestamp":"2025-06-01T01:55:31.765Z"}
{"level":"info","message":"WebSocket service initialized","service":"devforge-backend","timestamp":"2025-06-01T01:55:31.766Z"}
{"level":"info","message":"DevForge backend server running on port 9000","service":"devforge-backend","timestamp":"2025-06-01T01:55:31.769Z"}
{"level":"info","message":"Connected to MongoDB","service":"devforge-backend","timestamp":"2025-06-01T02:01:28.043Z"}
{"containers":29,"images":18,"level":"info","message":"Docker connection established:","service":"devforge-backend","timestamp":"2025-06-01T02:01:28.091Z","version":"27.5.1"}
{"level":"info","message":"Pulling image: codercom/code-server:latest","service":"devforge-backend","timestamp":"2025-06-01T02:01:28.092Z"}
{"level":"info","message":"Successfully pulled: codercom/code-server:latest","service":"devforge-backend","timestamp":"2025-06-01T02:01:29.114Z"}
{"level":"info","message":"Pulling image: node:18-alpine","service":"devforge-backend","timestamp":"2025-06-01T02:01:29.114Z"}
{"level":"info","message":"Successfully pulled: node:18-alpine","service":"devforge-backend","timestamp":"2025-06-01T02:01:30.124Z"}
{"level":"info","message":"Pulling image: python:3.11-alpine","service":"devforge-backend","timestamp":"2025-06-01T02:01:30.125Z"}
{"level":"info","message":"Successfully pulled: python:3.11-alpine","service":"devforge-backend","timestamp":"2025-06-01T02:01:31.114Z"}
{"level":"info","message":"Pulling image: rust:1.70-alpine","service":"devforge-backend","timestamp":"2025-06-01T02:01:31.114Z"}
{"level":"info","message":"Successfully pulled: rust:1.70-alpine","service":"devforge-backend","timestamp":"2025-06-01T02:01:32.111Z"}
{"level":"info","message":"Docker service initialized","service":"devforge-backend","timestamp":"2025-06-01T02:01:32.115Z"}
{"level":"info","message":"Connected to MongoDB","service":"devforge-backend","timestamp":"2025-06-01T02:03:29.446Z"}
{"containers":29,"images":18,"level":"info","message":"Docker connection established:","service":"devforge-backend","timestamp":"2025-06-01T02:03:29.482Z","version":"27.5.1"}
{"level":"info","message":"Pulling image: codercom/code-server:latest","service":"devforge-backend","timestamp":"2025-06-01T02:03:29.497Z"}
{"level":"info","message":"Successfully pulled: codercom/code-server:latest","service":"devforge-backend","timestamp":"2025-06-01T02:03:30.504Z"}
{"level":"info","message":"Pulling image: node:18-alpine","service":"devforge-backend","timestamp":"2025-06-01T02:03:30.505Z"}
{"level":"info","message":"Successfully pulled: node:18-alpine","service":"devforge-backend","timestamp":"2025-06-01T02:03:31.504Z"}
{"level":"info","message":"Pulling image: python:3.11-alpine","service":"devforge-backend","timestamp":"2025-06-01T02:03:31.505Z"}
{"level":"info","message":"Successfully pulled: python:3.11-alpine","service":"devforge-backend","timestamp":"2025-06-01T02:03:32.498Z"}
{"level":"info","message":"Pulling image: rust:1.70-alpine","service":"devforge-backend","timestamp":"2025-06-01T02:03:32.498Z"}
{"level":"info","message":"Successfully pulled: rust:1.70-alpine","service":"devforge-backend","timestamp":"2025-06-01T02:03:33.516Z"}
{"level":"info","message":"Docker service initialized","service":"devforge-backend","timestamp":"2025-06-01T02:03:33.522Z"}
{"level":"info","message":"Connected to MongoDB","service":"devforge-backend","timestamp":"2025-06-01T02:05:15.068Z"}
{"containers":29,"images":18,"level":"info","message":"Docker connection established:","service":"devforge-backend","timestamp":"2025-06-01T02:05:15.100Z","version":"27.5.1"}
{"level":"info","message":"Pulling image: codercom/code-server:latest","service":"devforge-backend","timestamp":"2025-06-01T02:05:15.122Z"}
{"level":"info","message":"Successfully pulled: codercom/code-server:latest","service":"devforge-backend","timestamp":"2025-06-01T02:05:16.127Z"}
{"level":"info","message":"Pulling image: node:18-alpine","service":"devforge-backend","timestamp":"2025-06-01T02:05:16.127Z"}
{"level":"info","message":"Successfully pulled: node:18-alpine","service":"devforge-backend","timestamp":"2025-06-01T02:05:17.127Z"}
{"level":"info","message":"Pulling image: python:3.11-alpine","service":"devforge-backend","timestamp":"2025-06-01T02:05:17.128Z"}
{"level":"info","message":"Successfully pulled: python:3.11-alpine","service":"devforge-backend","timestamp":"2025-06-01T02:05:18.117Z"}
{"level":"info","message":"Pulling image: rust:1.70-alpine","service":"devforge-backend","timestamp":"2025-06-01T02:05:18.117Z"}
{"level":"info","message":"Successfully pulled: rust:1.70-alpine","service":"devforge-backend","timestamp":"2025-06-01T02:05:19.143Z"}
{"level":"info","message":"Docker service initialized","service":"devforge-backend","timestamp":"2025-06-01T02:05:19.148Z"}
{"level":"info","message":"Connected to MongoDB","service":"devforge-backend","timestamp":"2025-06-01T02:07:17.198Z"}
{"containers":29,"images":18,"level":"info","message":"Docker connection established:","service":"devforge-backend","timestamp":"2025-06-01T02:07:17.232Z","version":"27.5.1"}
{"level":"info","message":"Pulling image: codercom/code-server:latest","service":"devforge-backend","timestamp":"2025-06-01T02:07:17.255Z"}
{"level":"info","message":"Successfully pulled: codercom/code-server:latest","service":"devforge-backend","timestamp":"2025-06-01T02:07:18.257Z"}
{"level":"info","message":"Pulling image: node:18-alpine","service":"devforge-backend","timestamp":"2025-06-01T02:07:18.257Z"}
{"level":"info","message":"Successfully pulled: node:18-alpine","service":"devforge-backend","timestamp":"2025-06-01T02:07:19.267Z"}
{"level":"info","message":"Pulling image: python:3.11-alpine","service":"devforge-backend","timestamp":"2025-06-01T02:07:19.268Z"}
{"level":"info","message":"Successfully pulled: python:3.11-alpine","service":"devforge-backend","timestamp":"2025-06-01T02:07:20.260Z"}
{"level":"info","message":"Pulling image: rust:1.70-alpine","service":"devforge-backend","timestamp":"2025-06-01T02:07:20.261Z"}
{"level":"info","message":"Successfully pulled: rust:1.70-alpine","service":"devforge-backend","timestamp":"2025-06-01T02:07:21.273Z"}
{"level":"info","message":"Docker service initialized","service":"devforge-backend","timestamp":"2025-06-01T02:07:21.278Z"}
{"level":"info","message":"Connected to MongoDB","service":"devforge-backend","timestamp":"2025-06-01T02:07:33.955Z"}
{"containers":29,"images":18,"level":"info","message":"Docker connection established:","service":"devforge-backend","timestamp":"2025-06-01T02:07:33.996Z","version":"27.5.1"}
{"level":"info","message":"Pulling image: codercom/code-server:latest","service":"devforge-backend","timestamp":"2025-06-01T02:07:34.013Z"}
{"level":"info","message":"Successfully pulled: codercom/code-server:latest","service":"devforge-backend","timestamp":"2025-06-01T02:07:35.047Z"}
{"level":"info","message":"Pulling image: node:18-alpine","service":"devforge-backend","timestamp":"2025-06-01T02:07:35.047Z"}
{"level":"info","message":"Successfully pulled: node:18-alpine","service":"devforge-backend","timestamp":"2025-06-01T02:07:36.022Z"}
{"level":"info","message":"Pulling image: python:3.11-alpine","service":"devforge-backend","timestamp":"2025-06-01T02:07:36.024Z"}
{"level":"info","message":"Successfully pulled: python:3.11-alpine","service":"devforge-backend","timestamp":"2025-06-01T02:07:37.048Z"}
{"level":"info","message":"Pulling image: rust:1.70-alpine","service":"devforge-backend","timestamp":"2025-06-01T02:07:37.050Z"}
{"level":"info","message":"Successfully pulled: rust:1.70-alpine","service":"devforge-backend","timestamp":"2025-06-01T02:07:38.056Z"}
{"level":"info","message":"Docker service initialized","service":"devforge-backend","timestamp":"2025-06-01T02:07:38.060Z"}
{"level":"info","message":"Connected to MongoDB","service":"devforge-backend","timestamp":"2025-06-01T02:10:18.842Z"}
{"containers":29,"images":18,"level":"info","message":"Docker connection established:","service":"devforge-backend","timestamp":"2025-06-01T02:10:18.883Z","version":"27.5.1"}
{"level":"info","message":"Pulling image: codercom/code-server:latest","service":"devforge-backend","timestamp":"2025-06-01T02:10:18.883Z"}
{"level":"info","message":"Successfully pulled: codercom/code-server:latest","service":"devforge-backend","timestamp":"2025-06-01T02:10:19.881Z"}
{"level":"info","message":"Pulling image: node:18-alpine","service":"devforge-backend","timestamp":"2025-06-01T02:10:19.881Z"}
{"level":"info","message":"Successfully pulled: node:18-alpine","service":"devforge-backend","timestamp":"2025-06-01T02:10:20.972Z"}
{"level":"info","message":"Pulling image: python:3.11-alpine","service":"devforge-backend","timestamp":"2025-06-01T02:10:20.973Z"}
{"level":"info","message":"Successfully pulled: python:3.11-alpine","service":"devforge-backend","timestamp":"2025-06-01T02:10:21.946Z"}
{"level":"info","message":"Pulling image: rust:1.70-alpine","service":"devforge-backend","timestamp":"2025-06-01T02:10:21.947Z"}
{"level":"info","message":"Successfully pulled: rust:1.70-alpine","service":"devforge-backend","timestamp":"2025-06-01T02:10:22.928Z"}
{"level":"info","message":"Docker service initialized","service":"devforge-backend","timestamp":"2025-06-01T02:10:22.936Z"}
{"level":"info","message":"Connected to MongoDB","service":"devforge-backend","timestamp":"2025-06-01T02:15:25.104Z"}
{"containers":28,"images":18,"level":"info","message":"Docker connection established:","service":"devforge-backend","timestamp":"2025-06-01T02:15:25.166Z","version":"27.5.1"}
{"level":"info","message":"Pulling image: codercom/code-server:latest","service":"devforge-backend","timestamp":"2025-06-01T02:15:25.169Z"}
{"level":"info","message":"Successfully pulled: codercom/code-server:latest","service":"devforge-backend","timestamp":"2025-06-01T02:15:26.190Z"}
{"level":"info","message":"Pulling image: node:18-alpine","service":"devforge-backend","timestamp":"2025-06-01T02:15:26.191Z"}
{"level":"info","message":"Successfully pulled: node:18-alpine","service":"devforge-backend","timestamp":"2025-06-01T02:15:27.172Z"}
{"level":"info","message":"Pulling image: python:3.11-alpine","service":"devforge-backend","timestamp":"2025-06-01T02:15:27.172Z"}
{"level":"info","message":"Successfully pulled: python:3.11-alpine","service":"devforge-backend","timestamp":"2025-06-01T02:15:28.152Z"}
{"level":"info","message":"Pulling image: rust:1.70-alpine","service":"devforge-backend","timestamp":"2025-06-01T02:15:28.152Z"}
{"level":"info","message":"Successfully pulled: rust:1.70-alpine","service":"devforge-backend","timestamp":"2025-06-01T02:15:29.194Z"}
{"level":"info","message":"Docker service initialized","service":"devforge-backend","timestamp":"2025-06-01T02:15:29.198Z"}
{"level":"info","message":"Connected to MongoDB","service":"devforge-backend","timestamp":"2025-06-01T02:18:28.662Z"}
{"containers":29,"images":18,"level":"info","message":"Docker connection established:","service":"devforge-backend","timestamp":"2025-06-01T02:18:28.700Z","version":"27.5.1"}
{"level":"info","message":"Pulling image: codercom/code-server:latest","service":"devforge-backend","timestamp":"2025-06-01T02:18:28.700Z"}
{"level":"info","message":"Successfully pulled: codercom/code-server:latest","service":"devforge-backend","timestamp":"2025-06-01T02:18:29.709Z"}
{"level":"info","message":"Pulling image: node:18-alpine","service":"devforge-backend","timestamp":"2025-06-01T02:18:29.710Z"}
{"level":"info","message":"Successfully pulled: node:18-alpine","service":"devforge-backend","timestamp":"2025-06-01T02:18:30.715Z"}
{"level":"info","message":"Pulling image: python:3.11-alpine","service":"devforge-backend","timestamp":"2025-06-01T02:18:30.715Z"}
{"level":"info","message":"Successfully pulled: python:3.11-alpine","service":"devforge-backend","timestamp":"2025-06-01T02:18:31.689Z"}
{"level":"info","message":"Pulling image: rust:1.70-alpine","service":"devforge-backend","timestamp":"2025-06-01T02:18:31.690Z"}
{"level":"info","message":"Successfully pulled: rust:1.70-alpine","service":"devforge-backend","timestamp":"2025-06-01T02:18:32.687Z"}
{"level":"info","message":"Docker service initialized","service":"devforge-backend","timestamp":"2025-06-01T02:18:32.696Z"}
{"level":"info","message":"Connected to MongoDB","service":"devforge-backend","timestamp":"2025-06-01T02:20:06.625Z"}
{"level":"info","message":"Connected to MongoDB","service":"devforge-backend","timestamp":"2025-06-01T02:20:06.812Z"}
{"containers":29,"images":18,"level":"info","message":"Docker connection established:","service":"devforge-backend","timestamp":"2025-06-01T02:20:06.833Z","version":"27.5.1"}
{"level":"info","message":"Connected to MongoDB","service":"devforge-backend","timestamp":"2025-06-01T02:20:06.823Z"}
{"level":"info","message":"Pulling image: codercom/code-server:latest","service":"devforge-backend","timestamp":"2025-06-01T02:20:06.833Z"}
{"containers":29,"images":18,"level":"info","message":"Docker connection established:","service":"devforge-backend","timestamp":"2025-06-01T02:20:06.882Z","version":"27.5.1"}
{"level":"info","message":"Pulling image: codercom/code-server:latest","service":"devforge-backend","timestamp":"2025-06-01T02:20:06.883Z"}
{"level":"info","message":"Connected to MongoDB","service":"devforge-backend","timestamp":"2025-06-01T02:20:06.901Z"}
{"containers":29,"images":18,"level":"info","message":"Docker connection established:","service":"devforge-backend","timestamp":"2025-06-01T02:20:06.916Z","version":"27.5.1"}
{"level":"info","message":"Pulling image: codercom/code-server:latest","service":"devforge-backend","timestamp":"2025-06-01T02:20:06.916Z"}
{"level":"info","message":"Connected to MongoDB","service":"devforge-backend","timestamp":"2025-06-01T02:20:07.048Z"}
{"containers":29,"images":18,"level":"info","message":"Docker connection established:","service":"devforge-backend","timestamp":"2025-06-01T02:20:07.091Z","version":"27.5.1"}
{"level":"info","message":"Connected to MongoDB","service":"devforge-backend","timestamp":"2025-06-01T02:20:07.123Z"}
{"level":"info","message":"Pulling image: codercom/code-server:latest","service":"devforge-backend","timestamp":"2025-06-01T02:20:07.094Z"}
{"containers":29,"images":18,"level":"info","message":"Docker connection established:","service":"devforge-backend","timestamp":"2025-06-01T02:20:07.173Z","version":"27.5.1"}
{"level":"info","message":"Pulling image: codercom/code-server:latest","service":"devforge-backend","timestamp":"2025-06-01T02:20:07.174Z"}
{"containers":29,"images":18,"level":"info","message":"Docker connection established:","service":"devforge-backend","timestamp":"2025-06-01T02:20:07.233Z","version":"27.5.1"}
{"level":"info","message":"Connected to MongoDB","service":"devforge-backend","timestamp":"2025-06-01T02:20:07.256Z"}
{"level":"info","message":"Pulling image: codercom/code-server:latest","service":"devforge-backend","timestamp":"2025-06-01T02:20:07.234Z"}
{"containers":29,"images":18,"level":"info","message":"Docker connection established:","service":"devforge-backend","timestamp":"2025-06-01T02:20:07.333Z","version":"27.5.1"}
{"level":"info","message":"Pulling image: codercom/code-server:latest","service":"devforge-backend","timestamp":"2025-06-01T02:20:07.334Z"}
{"level":"info","message":"Connected to MongoDB","service":"devforge-backend","timestamp":"2025-06-01T02:20:07.428Z"}
{"containers":29,"images":18,"level":"info","message":"Docker connection established:","service":"devforge-backend","timestamp":"2025-06-01T02:20:07.473Z","version":"27.5.1"}
{"level":"info","message":"Pulling image: codercom/code-server:latest","service":"devforge-backend","timestamp":"2025-06-01T02:20:07.474Z"}
{"level":"info","message":"Successfully pulled: codercom/code-server:latest","service":"devforge-backend","timestamp":"2025-06-01T02:20:07.882Z"}
{"level":"info","message":"Pulling image: node:18-alpine","service":"devforge-backend","timestamp":"2025-06-01T02:20:07.883Z"}
{"level":"info","message":"Successfully pulled: codercom/code-server:latest","service":"devforge-backend","timestamp":"2025-06-01T02:20:07.893Z"}
{"level":"info","message":"Pulling image: node:18-alpine","service":"devforge-backend","timestamp":"2025-06-01T02:20:07.897Z"}
{"level":"info","message":"Successfully pulled: codercom/code-server:latest","service":"devforge-backend","timestamp":"2025-06-01T02:20:07.954Z"}
{"level":"info","message":"Pulling image: node:18-alpine","service":"devforge-backend","timestamp":"2025-06-01T02:20:07.955Z"}
{"level":"info","message":"Successfully pulled: codercom/code-server:latest","service":"devforge-backend","timestamp":"2025-06-01T02:20:08.132Z"}
{"level":"info","message":"Pulling image: node:18-alpine","service":"devforge-backend","timestamp":"2025-06-01T02:20:08.132Z"}
{"level":"info","message":"Successfully pulled: codercom/code-server:latest","service":"devforge-backend","timestamp":"2025-06-01T02:20:08.202Z"}
{"level":"info","message":"Pulling image: node:18-alpine","service":"devforge-backend","timestamp":"2025-06-01T02:20:08.203Z"}
{"level":"info","message":"Successfully pulled: codercom/code-server:latest","service":"devforge-backend","timestamp":"2025-06-01T02:20:08.253Z"}
{"level":"info","message":"Pulling image: node:18-alpine","service":"devforge-backend","timestamp":"2025-06-01T02:20:08.253Z"}
{"level":"info","message":"Successfully pulled: codercom/code-server:latest","service":"devforge-backend","timestamp":"2025-06-01T02:20:08.331Z"}
{"level":"info","message":"Pulling image: node:18-alpine","service":"devforge-backend","timestamp":"2025-06-01T02:20:08.332Z"}
{"level":"info","message":"Successfully pulled: codercom/code-server:latest","service":"devforge-backend","timestamp":"2025-06-01T02:20:08.473Z"}
{"level":"info","message":"Pulling image: node:18-alpine","service":"devforge-backend","timestamp":"2025-06-01T02:20:08.474Z"}
{"level":"info","message":"Successfully pulled: node:18-alpine","service":"devforge-backend","timestamp":"2025-06-01T02:20:08.877Z"}
{"level":"info","message":"Pulling image: python:3.11-alpine","service":"devforge-backend","timestamp":"2025-06-01T02:20:08.879Z"}
{"level":"info","message":"Successfully pulled: node:18-alpine","service":"devforge-backend","timestamp":"2025-06-01T02:20:08.925Z"}
{"level":"info","message":"Pulling image: python:3.11-alpine","service":"devforge-backend","timestamp":"2025-06-01T02:20:08.927Z"}
{"level":"info","message":"Successfully pulled: node:18-alpine","service":"devforge-backend","timestamp":"2025-06-01T02:20:08.957Z"}
{"level":"info","message":"Pulling image: python:3.11-alpine","service":"devforge-backend","timestamp":"2025-06-01T02:20:08.958Z"}
{"level":"info","message":"Successfully pulled: node:18-alpine","service":"devforge-backend","timestamp":"2025-06-01T02:20:09.120Z"}
{"level":"info","message":"Pulling image: python:3.11-alpine","service":"devforge-backend","timestamp":"2025-06-01T02:20:09.121Z"}
{"level":"info","message":"Successfully pulled: node:18-alpine","service":"devforge-backend","timestamp":"2025-06-01T02:20:09.236Z"}
{"level":"info","message":"Pulling image: python:3.11-alpine","service":"devforge-backend","timestamp":"2025-06-01T02:20:09.237Z"}
{"level":"info","message":"Successfully pulled: node:18-alpine","service":"devforge-backend","timestamp":"2025-06-01T02:20:09.308Z"}
{"level":"info","message":"Pulling image: python:3.11-alpine","service":"devforge-backend","timestamp":"2025-06-01T02:20:09.310Z"}
{"level":"info","message":"Successfully pulled: node:18-alpine","service":"devforge-backend","timestamp":"2025-06-01T02:20:09.331Z"}
{"level":"info","message":"Pulling image: python:3.11-alpine","service":"devforge-backend","timestamp":"2025-06-01T02:20:09.332Z"}
{"level":"info","message":"Successfully pulled: node:18-alpine","service":"devforge-backend","timestamp":"2025-06-01T02:20:09.465Z"}
{"level":"info","message":"Pulling image: python:3.11-alpine","service":"devforge-backend","timestamp":"2025-06-01T02:20:09.465Z"}
{"level":"info","message":"Connected to MongoDB","service":"devforge-backend","timestamp":"2025-06-01T02:20:11.230Z"}
{"containers":29,"images":18,"level":"info","message":"Docker connection established:","service":"devforge-backend","timestamp":"2025-06-01T02:20:11.300Z","version":"27.5.1"}
{"level":"info","message":"Connected to MongoDB","service":"devforge-backend","timestamp":"2025-06-01T02:20:11.315Z"}
{"level":"info","message":"Pulling image: codercom/code-server:latest","service":"devforge-backend","timestamp":"2025-06-01T02:20:11.302Z"}
{"level":"info","message":"Connected to MongoDB","service":"devforge-backend","timestamp":"2025-06-01T02:20:11.394Z"}
{"level":"info","message":"Connected to MongoDB","service":"devforge-backend","timestamp":"2025-06-01T02:20:11.412Z"}
{"containers":29,"images":18,"level":"info","message":"Docker connection established:","service":"devforge-backend","timestamp":"2025-06-01T02:20:11.431Z","version":"27.5.1"}
{"level":"info","message":"Pulling image: codercom/code-server:latest","service":"devforge-backend","timestamp":"2025-06-01T02:20:11.432Z"}
{"containers":29,"images":18,"level":"info","message":"Docker connection established:","service":"devforge-backend","timestamp":"2025-06-01T02:20:11.451Z","version":"27.5.1"}
{"level":"info","message":"Connected to MongoDB","service":"devforge-backend","timestamp":"2025-06-01T02:20:11.453Z"}
{"level":"info","message":"Pulling image: codercom/code-server:latest","service":"devforge-backend","timestamp":"2025-06-01T02:20:11.452Z"}
{"containers":29,"images":18,"level":"info","message":"Docker connection established:","service":"devforge-backend","timestamp":"2025-06-01T02:20:11.481Z","version":"27.5.1"}
{"level":"info","message":"Connected to MongoDB","service":"devforge-backend","timestamp":"2025-06-01T02:20:11.449Z"}
{"level":"info","message":"Pulling image: codercom/code-server:latest","service":"devforge-backend","timestamp":"2025-06-01T02:20:11.485Z"}
{"containers":29,"images":18,"level":"info","message":"Docker connection established:","service":"devforge-backend","timestamp":"2025-06-01T02:20:11.510Z","version":"27.5.1"}
{"level":"info","message":"Connected to MongoDB","service":"devforge-backend","timestamp":"2025-06-01T02:20:11.524Z"}
{"containers":29,"images":18,"level":"info","message":"Docker connection established:","service":"devforge-backend","timestamp":"2025-06-01T02:20:11.536Z","version":"27.5.1"}
{"level":"info","message":"Connected to MongoDB","service":"devforge-backend","timestamp":"2025-06-01T02:20:11.534Z"}
{"level":"info","message":"Pulling image: codercom/code-server:latest","service":"devforge-backend","timestamp":"2025-06-01T02:20:11.513Z"}
{"level":"info","message":"Pulling image: codercom/code-server:latest","service":"devforge-backend","timestamp":"2025-06-01T02:20:11.539Z"}
{"containers":29,"images":18,"level":"info","message":"Docker connection established:","service":"devforge-backend","timestamp":"2025-06-01T02:20:11.583Z","version":"27.5.1"}
{"containers":29,"images":18,"level":"info","message":"Docker connection established:","service":"devforge-backend","timestamp":"2025-06-01T02:20:11.587Z","version":"27.5.1"}
{"level":"info","message":"Pulling image: codercom/code-server:latest","service":"devforge-backend","timestamp":"2025-06-01T02:20:11.583Z"}
{"level":"info","message":"Pulling image: codercom/code-server:latest","service":"devforge-backend","timestamp":"2025-06-01T02:20:11.588Z"}
{"level":"info","message":"Successfully pulled: codercom/code-server:latest","service":"devforge-backend","timestamp":"2025-06-01T02:20:12.326Z"}
{"level":"info","message":"Pulling image: node:18-alpine","service":"devforge-backend","timestamp":"2025-06-01T02:20:12.326Z"}
{"level":"info","message":"Successfully pulled: codercom/code-server:latest","service":"devforge-backend","timestamp":"2025-06-01T02:20:12.450Z"}
{"level":"info","message":"Pulling image: node:18-alpine","service":"devforge-backend","timestamp":"2025-06-01T02:20:12.451Z"}
{"level":"info","message":"Successfully pulled: codercom/code-server:latest","service":"devforge-backend","timestamp":"2025-06-01T02:20:12.459Z"}
{"level":"info","message":"Pulling image: node:18-alpine","service":"devforge-backend","timestamp":"2025-06-01T02:20:12.459Z"}
{"level":"info","message":"Successfully pulled: codercom/code-server:latest","service":"devforge-backend","timestamp":"2025-06-01T02:20:12.525Z"}
{"level":"info","message":"Pulling image: node:18-alpine","service":"devforge-backend","timestamp":"2025-06-01T02:20:12.525Z"}
{"level":"info","message":"Successfully pulled: codercom/code-server:latest","service":"devforge-backend","timestamp":"2025-06-01T02:20:12.582Z"}
{"level":"info","message":"Pulling image: node:18-alpine","service":"devforge-backend","timestamp":"2025-06-01T02:20:12.583Z"}
{"level":"info","message":"Successfully pulled: codercom/code-server:latest","service":"devforge-backend","timestamp":"2025-06-01T02:20:12.599Z"}
{"level":"info","message":"Pulling image: node:18-alpine","service":"devforge-backend","timestamp":"2025-06-01T02:20:12.600Z"}
{"level":"info","message":"Successfully pulled: codercom/code-server:latest","service":"devforge-backend","timestamp":"2025-06-01T02:20:12.662Z"}
{"level":"info","message":"Pulling image: node:18-alpine","service":"devforge-backend","timestamp":"2025-06-01T02:20:12.662Z"}
{"level":"info","message":"Successfully pulled: codercom/code-server:latest","service":"devforge-backend","timestamp":"2025-06-01T02:20:12.677Z"}
{"level":"info","message":"Pulling image: node:18-alpine","service":"devforge-backend","timestamp":"2025-06-01T02:20:12.677Z"}
{"level":"info","message":"Successfully pulled: node:18-alpine","service":"devforge-backend","timestamp":"2025-06-01T02:20:13.306Z"}
{"level":"info","message":"Pulling image: python:3.11-alpine","service":"devforge-backend","timestamp":"2025-06-01T02:20:13.307Z"}
{"level":"info","message":"Successfully pulled: node:18-alpine","service":"devforge-backend","timestamp":"2025-06-01T02:20:13.459Z"}
{"level":"info","message":"Pulling image: python:3.11-alpine","service":"devforge-backend","timestamp":"2025-06-01T02:20:13.459Z"}
{"level":"info","message":"Successfully pulled: node:18-alpine","service":"devforge-backend","timestamp":"2025-06-01T02:20:13.472Z"}
{"level":"info","message":"Pulling image: python:3.11-alpine","service":"devforge-backend","timestamp":"2025-06-01T02:20:13.472Z"}
{"level":"info","message":"Successfully pulled: node:18-alpine","service":"devforge-backend","timestamp":"2025-06-01T02:20:13.523Z"}
{"level":"info","message":"Pulling image: python:3.11-alpine","service":"devforge-backend","timestamp":"2025-06-01T02:20:13.524Z"}
{"level":"info","message":"Successfully pulled: node:18-alpine","service":"devforge-backend","timestamp":"2025-06-01T02:20:13.597Z"}
{"level":"info","message":"Pulling image: python:3.11-alpine","service":"devforge-backend","timestamp":"2025-06-01T02:20:13.598Z"}
{"level":"info","message":"Successfully pulled: node:18-alpine","service":"devforge-backend","timestamp":"2025-06-01T02:20:13.651Z"}
{"level":"info","message":"Pulling image: python:3.11-alpine","service":"devforge-backend","timestamp":"2025-06-01T02:20:13.651Z"}
{"level":"info","message":"Successfully pulled: node:18-alpine","service":"devforge-backend","timestamp":"2025-06-01T02:20:13.662Z"}
{"level":"info","message":"Pulling image: python:3.11-alpine","service":"devforge-backend","timestamp":"2025-06-01T02:20:13.666Z"}
{"level":"info","message":"Successfully pulled: node:18-alpine","service":"devforge-backend","timestamp":"2025-06-01T02:20:13.733Z"}
{"level":"info","message":"Pulling image: python:3.11-alpine","service":"devforge-backend","timestamp":"2025-06-01T02:20:13.734Z"}
{"level":"info","message":"Successfully pulled: python:3.11-alpine","service":"devforge-backend","timestamp":"2025-06-01T02:20:14.284Z"}
{"level":"info","message":"Pulling image: rust:1.70-alpine","service":"devforge-backend","timestamp":"2025-06-01T02:20:14.284Z"}
{"level":"info","message":"Successfully pulled: python:3.11-alpine","service":"devforge-backend","timestamp":"2025-06-01T02:20:14.435Z"}
{"level":"info","message":"Pulling image: rust:1.70-alpine","service":"devforge-backend","timestamp":"2025-06-01T02:20:14.436Z"}
{"level":"info","message":"Successfully pulled: python:3.11-alpine","service":"devforge-backend","timestamp":"2025-06-01T02:20:14.482Z"}
{"level":"info","message":"Pulling image: rust:1.70-alpine","service":"devforge-backend","timestamp":"2025-06-01T02:20:14.483Z"}
{"level":"info","message":"Successfully pulled: python:3.11-alpine","service":"devforge-backend","timestamp":"2025-06-01T02:20:14.530Z"}
{"level":"info","message":"Pulling image: rust:1.70-alpine","service":"devforge-backend","timestamp":"2025-06-01T02:20:14.530Z"}
{"level":"info","message":"Successfully pulled: python:3.11-alpine","service":"devforge-backend","timestamp":"2025-06-01T02:20:14.586Z"}
{"level":"info","message":"Pulling image: rust:1.70-alpine","service":"devforge-backend","timestamp":"2025-06-01T02:20:14.586Z"}
{"level":"info","message":"Successfully pulled: python:3.11-alpine","service":"devforge-backend","timestamp":"2025-06-01T02:20:14.643Z"}
{"level":"info","message":"Pulling image: rust:1.70-alpine","service":"devforge-backend","timestamp":"2025-06-01T02:20:14.644Z"}
{"level":"info","message":"Successfully pulled: python:3.11-alpine","service":"devforge-backend","timestamp":"2025-06-01T02:20:14.677Z"}
{"level":"info","message":"Pulling image: rust:1.70-alpine","service":"devforge-backend","timestamp":"2025-06-01T02:20:14.678Z"}
{"level":"info","message":"Successfully pulled: python:3.11-alpine","service":"devforge-backend","timestamp":"2025-06-01T02:20:14.752Z"}
{"level":"info","message":"Pulling image: rust:1.70-alpine","service":"devforge-backend","timestamp":"2025-06-01T02:20:14.752Z"}
{"level":"info","message":"Successfully pulled: rust:1.70-alpine","service":"devforge-backend","timestamp":"2025-06-01T02:20:15.336Z"}
{"level":"info","message":"Docker service initialized","service":"devforge-backend","timestamp":"2025-06-01T02:20:15.341Z"}
{"level":"info","message":"WebSocket service initialized","service":"devforge-backend","timestamp":"2025-06-01T02:20:15.344Z"}
{"level":"info","message":"DevForge backend server running on port 9000","service":"devforge-backend","timestamp":"2025-06-01T02:20:15.354Z"}
{"level":"info","message":"Successfully pulled: rust:1.70-alpine","service":"devforge-backend","timestamp":"2025-06-01T02:20:15.411Z"}
{"level":"info","message":"Docker service initialized","service":"devforge-backend","timestamp":"2025-06-01T02:20:15.415Z"}
{"level":"info","message":"Successfully pulled: rust:1.70-alpine","service":"devforge-backend","timestamp":"2025-06-01T02:20:15.481Z"}
{"level":"info","message":"Docker service initialized","service":"devforge-backend","timestamp":"2025-06-01T02:20:15.485Z"}
{"level":"info","message":"Successfully pulled: rust:1.70-alpine","service":"devforge-backend","timestamp":"2025-06-01T02:20:15.512Z"}
{"level":"info","message":"Docker service initialized","service":"devforge-backend","timestamp":"2025-06-01T02:20:15.515Z"}
{"level":"info","message":"Successfully pulled: rust:1.70-alpine","service":"devforge-backend","timestamp":"2025-06-01T02:20:15.563Z"}
{"level":"info","message":"Docker service initialized","service":"devforge-backend","timestamp":"2025-06-01T02:20:15.571Z"}
{"level":"info","message":"Successfully pulled: rust:1.70-alpine","service":"devforge-backend","timestamp":"2025-06-01T02:20:15.626Z"}
{"level":"info","message":"Docker service initialized","service":"devforge-backend","timestamp":"2025-06-01T02:20:15.629Z"}
{"level":"info","message":"Successfully pulled: rust:1.70-alpine","service":"devforge-backend","timestamp":"2025-06-01T02:20:15.654Z"}
{"level":"info","message":"Docker service initialized","service":"devforge-backend","timestamp":"2025-06-01T02:20:15.657Z"}
{"level":"info","message":"Successfully pulled: rust:1.70-alpine","service":"devforge-backend","timestamp":"2025-06-01T02:20:15.711Z"}
{"level":"info","message":"Docker service initialized","service":"devforge-backend","timestamp":"2025-06-01T02:20:15.715Z"}
{"level":"info","message":"Connected to MongoDB","service":"devforge-backend","timestamp":"2025-06-01T02:20:22.391Z"}
{"containers":29,"images":18,"level":"info","message":"Docker connection established:","service":"devforge-backend","timestamp":"2025-06-01T02:20:22.468Z","version":"27.5.1"}
{"level":"info","message":"Connected to MongoDB","service":"devforge-backend","timestamp":"2025-06-01T02:20:22.458Z"}
{"containers":29,"images":18,"level":"info","message":"Docker connection established:","service":"devforge-backend","timestamp":"2025-06-01T02:20:22.553Z","version":"27.5.1"}
{"level":"info","message":"Pulling image: codercom/code-server:latest","service":"devforge-backend","timestamp":"2025-06-01T02:20:22.471Z"}
{"level":"info","message":"Connected to MongoDB","service":"devforge-backend","timestamp":"2025-06-01T02:20:24.627Z"}
{"containers":29,"images":18,"level":"info","message":"Docker connection established:","service":"devforge-backend","timestamp":"2025-06-01T02:20:24.734Z","version":"27.5.1"}
{"level":"info","message":"Connected to MongoDB","service":"devforge-backend","timestamp":"2025-06-01T02:20:24.769Z"}
{"level":"info","message":"Connected to MongoDB","service":"devforge-backend","timestamp":"2025-06-01T02:20:24.774Z"}
{"level":"info","message":"Pulling image: codercom/code-server:latest","service":"devforge-backend","timestamp":"2025-06-01T02:20:24.761Z"}
{"containers":29,"images":18,"level":"info","message":"Docker connection established:","service":"devforge-backend","timestamp":"2025-06-01T02:20:24.855Z","version":"27.5.1"}
{"level":"info","message":"Connected to MongoDB","service":"devforge-backend","timestamp":"2025-06-01T02:20:24.827Z"}
{"level":"info","message":"Pulling image: codercom/code-server:latest","service":"devforge-backend","timestamp":"2025-06-01T02:20:24.856Z"}
{"containers":29,"images":18,"level":"info","message":"Docker connection established:","service":"devforge-backend","timestamp":"2025-06-01T02:20:24.884Z","version":"27.5.1"}
{"level":"info","message":"Connected to MongoDB","service":"devforge-backend","timestamp":"2025-06-01T02:20:24.903Z"}
{"containers":29,"images":18,"level":"info","message":"Docker connection established:","service":"devforge-backend","timestamp":"2025-06-01T02:20:24.917Z","version":"27.5.1"}
{"level":"info","message":"Pulling image: codercom/code-server:latest","service":"devforge-backend","timestamp":"2025-06-01T02:20:24.918Z"}
{"level":"info","message":"Connected to MongoDB","service":"devforge-backend","timestamp":"2025-06-01T02:20:24.947Z"}
{"level":"info","message":"Pulling image: codercom/code-server:latest","service":"devforge-backend","timestamp":"2025-06-01T02:20:24.885Z"}
{"containers":29,"images":18,"level":"info","message":"Docker connection established:","service":"devforge-backend","timestamp":"2025-06-01T02:20:25.008Z","version":"27.5.1"}
{"containers":29,"images":18,"level":"info","message":"Docker connection established:","service":"devforge-backend","timestamp":"2025-06-01T02:20:25.011Z","version":"27.5.1"}
{"level":"info","message":"Connected to MongoDB","service":"devforge-backend","timestamp":"2025-06-01T02:20:25.009Z"}
{"level":"info","message":"Pulling image: codercom/code-server:latest","service":"devforge-backend","timestamp":"2025-06-01T02:20:25.011Z"}
{"level":"info","message":"Pulling image: codercom/code-server:latest","service":"devforge-backend","timestamp":"2025-06-01T02:20:25.015Z"}
{"containers":29,"images":18,"level":"info","message":"Docker connection established:","service":"devforge-backend","timestamp":"2025-06-01T02:20:25.109Z","version":"27.5.1"}
{"level":"info","message":"Pulling image: codercom/code-server:latest","service":"devforge-backend","timestamp":"2025-06-01T02:20:25.112Z"}
{"level":"info","message":"Connected to MongoDB","service":"devforge-backend","timestamp":"2025-06-01T02:20:25.208Z"}
{"containers":29,"images":18,"level":"info","message":"Docker connection established:","service":"devforge-backend","timestamp":"2025-06-01T02:20:25.271Z","version":"27.5.1"}
{"level":"info","message":"Pulling image: codercom/code-server:latest","service":"devforge-backend","timestamp":"2025-06-01T02:20:25.273Z"}
{"level":"info","message":"Successfully pulled: codercom/code-server:latest","service":"devforge-backend","timestamp":"2025-06-01T02:20:25.830Z"}
{"level":"info","message":"Pulling image: node:18-alpine","service":"devforge-backend","timestamp":"2025-06-01T02:20:25.830Z"}
{"level":"info","message":"Successfully pulled: codercom/code-server:latest","service":"devforge-backend","timestamp":"2025-06-01T02:20:25.853Z"}
{"level":"info","message":"Pulling image: node:18-alpine","service":"devforge-backend","timestamp":"2025-06-01T02:20:25.854Z"}
{"level":"info","message":"Successfully pulled: codercom/code-server:latest","service":"devforge-backend","timestamp":"2025-06-01T02:20:25.954Z"}
{"level":"info","message":"Successfully pulled: codercom/code-server:latest","service":"devforge-backend","timestamp":"2025-06-01T02:20:25.958Z"}
{"level":"info","message":"Pulling image: node:18-alpine","service":"devforge-backend","timestamp":"2025-06-01T02:20:25.958Z"}
{"level":"info","message":"Pulling image: node:18-alpine","service":"devforge-backend","timestamp":"2025-06-01T02:20:25.954Z"}
{"level":"info","message":"Successfully pulled: codercom/code-server:latest","service":"devforge-backend","timestamp":"2025-06-01T02:20:26.043Z"}
{"level":"info","message":"Pulling image: node:18-alpine","service":"devforge-backend","timestamp":"2025-06-01T02:20:26.043Z"}
{"level":"info","message":"Successfully pulled: codercom/code-server:latest","service":"devforge-backend","timestamp":"2025-06-01T02:20:26.071Z"}
{"level":"info","message":"Pulling image: node:18-alpine","service":"devforge-backend","timestamp":"2025-06-01T02:20:26.071Z"}
{"level":"info","message":"Successfully pulled: codercom/code-server:latest","service":"devforge-backend","timestamp":"2025-06-01T02:20:26.149Z"}
{"level":"info","message":"Pulling image: node:18-alpine","service":"devforge-backend","timestamp":"2025-06-01T02:20:26.150Z"}
{"level":"info","message":"Successfully pulled: codercom/code-server:latest","service":"devforge-backend","timestamp":"2025-06-01T02:20:26.268Z"}
{"level":"info","message":"Pulling image: node:18-alpine","service":"devforge-backend","timestamp":"2025-06-01T02:20:26.268Z"}
{"level":"info","message":"Successfully pulled: node:18-alpine","service":"devforge-backend","timestamp":"2025-06-01T02:20:26.866Z"}
{"level":"info","message":"Pulling image: python:3.11-alpine","service":"devforge-backend","timestamp":"2025-06-01T02:20:26.873Z"}
{"level":"info","message":"Successfully pulled: node:18-alpine","service":"devforge-backend","timestamp":"2025-06-01T02:20:26.883Z"}
{"level":"info","message":"Pulling image: python:3.11-alpine","service":"devforge-backend","timestamp":"2025-06-01T02:20:26.885Z"}
{"level":"info","message":"Successfully pulled: node:18-alpine","service":"devforge-backend","timestamp":"2025-06-01T02:20:26.974Z"}
{"level":"info","message":"Successfully pulled: node:18-alpine","service":"devforge-backend","timestamp":"2025-06-01T02:20:26.981Z"}
{"level":"info","message":"Pulling image: python:3.11-alpine","service":"devforge-backend","timestamp":"2025-06-01T02:20:26.981Z"}
{"level":"info","message":"Pulling image: python:3.11-alpine","service":"devforge-backend","timestamp":"2025-06-01T02:20:26.975Z"}
{"level":"info","message":"Successfully pulled: node:18-alpine","service":"devforge-backend","timestamp":"2025-06-01T02:20:27.100Z"}
{"level":"info","message":"Pulling image: python:3.11-alpine","service":"devforge-backend","timestamp":"2025-06-01T02:20:27.101Z"}
{"level":"info","message":"Successfully pulled: node:18-alpine","service":"devforge-backend","timestamp":"2025-06-01T02:20:27.115Z"}
{"level":"info","message":"Pulling image: python:3.11-alpine","service":"devforge-backend","timestamp":"2025-06-01T02:20:27.116Z"}
{"level":"info","message":"Successfully pulled: node:18-alpine","service":"devforge-backend","timestamp":"2025-06-01T02:20:27.215Z"}
{"level":"info","message":"Pulling image: python:3.11-alpine","service":"devforge-backend","timestamp":"2025-06-01T02:20:27.216Z"}
{"level":"info","message":"Successfully pulled: node:18-alpine","service":"devforge-backend","timestamp":"2025-06-01T02:20:27.293Z"}
{"level":"info","message":"Pulling image: python:3.11-alpine","service":"devforge-backend","timestamp":"2025-06-01T02:20:27.294Z"}
{"level":"info","message":"Successfully pulled: python:3.11-alpine","service":"devforge-backend","timestamp":"2025-06-01T02:20:27.857Z"}
{"level":"info","message":"Pulling image: rust:1.70-alpine","service":"devforge-backend","timestamp":"2025-06-01T02:20:27.858Z"}
{"level":"info","message":"Successfully pulled: python:3.11-alpine","service":"devforge-backend","timestamp":"2025-06-01T02:20:27.889Z"}
{"level":"info","message":"Pulling image: rust:1.70-alpine","service":"devforge-backend","timestamp":"2025-06-01T02:20:27.889Z"}
{"level":"info","message":"Successfully pulled: python:3.11-alpine","service":"devforge-backend","timestamp":"2025-06-01T02:20:27.992Z"}
{"level":"info","message":"Pulling image: rust:1.70-alpine","service":"devforge-backend","timestamp":"2025-06-01T02:20:27.992Z"}
{"level":"info","message":"Successfully pulled: python:3.11-alpine","service":"devforge-backend","timestamp":"2025-06-01T02:20:28.028Z"}
{"level":"info","message":"Pulling image: rust:1.70-alpine","service":"devforge-backend","timestamp":"2025-06-01T02:20:28.029Z"}
{"level":"info","message":"Successfully pulled: python:3.11-alpine","service":"devforge-backend","timestamp":"2025-06-01T02:20:28.108Z"}
{"level":"info","message":"Pulling image: rust:1.70-alpine","service":"devforge-backend","timestamp":"2025-06-01T02:20:28.110Z"}
{"level":"info","message":"Successfully pulled: python:3.11-alpine","service":"devforge-backend","timestamp":"2025-06-01T02:20:28.169Z"}
{"level":"info","message":"Pulling image: rust:1.70-alpine","service":"devforge-backend","timestamp":"2025-06-01T02:20:28.169Z"}
{"level":"info","message":"Successfully pulled: python:3.11-alpine","service":"devforge-backend","timestamp":"2025-06-01T02:20:28.227Z"}
{"level":"info","message":"Pulling image: rust:1.70-alpine","service":"devforge-backend","timestamp":"2025-06-01T02:20:28.228Z"}
{"level":"info","message":"Successfully pulled: python:3.11-alpine","service":"devforge-backend","timestamp":"2025-06-01T02:20:28.318Z"}
{"level":"info","message":"Pulling image: rust:1.70-alpine","service":"devforge-backend","timestamp":"2025-06-01T02:20:28.319Z"}
{"level":"info","message":"Successfully pulled: rust:1.70-alpine","service":"devforge-backend","timestamp":"2025-06-01T02:20:28.850Z"}
{"level":"info","message":"Docker service initialized","service":"devforge-backend","timestamp":"2025-06-01T02:20:28.855Z"}
{"level":"info","message":"WebSocket service initialized","service":"devforge-backend","timestamp":"2025-06-01T02:20:28.856Z"}
{"level":"info","message":"DevForge backend server running on port 9000","service":"devforge-backend","timestamp":"2025-06-01T02:20:28.864Z"}
{"level":"info","message":"Successfully pulled: rust:1.70-alpine","service":"devforge-backend","timestamp":"2025-06-01T02:20:28.893Z"}
{"level":"info","message":"Docker service initialized","service":"devforge-backend","timestamp":"2025-06-01T02:20:28.897Z"}
{"level":"info","message":"Successfully pulled: rust:1.70-alpine","service":"devforge-backend","timestamp":"2025-06-01T02:20:28.964Z"}
{"level":"info","message":"Docker service initialized","service":"devforge-backend","timestamp":"2025-06-01T02:20:28.967Z"}
{"level":"info","message":"Successfully pulled: rust:1.70-alpine","service":"devforge-backend","timestamp":"2025-06-01T02:20:29.030Z"}
{"level":"info","message":"Docker service initialized","service":"devforge-backend","timestamp":"2025-06-01T02:20:29.039Z"}
{"level":"info","message":"Successfully pulled: rust:1.70-alpine","service":"devforge-backend","timestamp":"2025-06-01T02:20:29.091Z"}
{"level":"info","message":"Docker service initialized","service":"devforge-backend","timestamp":"2025-06-01T02:20:29.094Z"}
{"level":"info","message":"Successfully pulled: rust:1.70-alpine","service":"devforge-backend","timestamp":"2025-06-01T02:20:29.158Z"}
{"level":"info","message":"Docker service initialized","service":"devforge-backend","timestamp":"2025-06-01T02:20:29.167Z"}
{"level":"info","message":"Successfully pulled: rust:1.70-alpine","service":"devforge-backend","timestamp":"2025-06-01T02:20:29.216Z"}
{"level":"info","message":"Docker service initialized","service":"devforge-backend","timestamp":"2025-06-01T02:20:29.225Z"}
{"level":"info","message":"Successfully pulled: rust:1.70-alpine","service":"devforge-backend","timestamp":"2025-06-01T02:20:29.283Z"}
{"level":"info","message":"Docker service initialized","service":"devforge-backend","timestamp":"2025-06-01T02:20:29.286Z"}
{"level":"info","message":"Connected to MongoDB","service":"devforge-backend","timestamp":"2025-06-01T02:22:56.200Z"}
{"level":"info","message":"Connected to MongoDB","service":"devforge-backend","timestamp":"2025-06-01T02:22:56.224Z"}
{"level":"info","message":"Connected to MongoDB","service":"devforge-backend","timestamp":"2025-06-01T02:22:56.232Z"}
{"containers":29,"images":18,"level":"info","message":"Docker connection established:","service":"devforge-backend","timestamp":"2025-06-01T02:22:56.254Z","version":"27.5.1"}
{"level":"info","message":"Pulling image: codercom/code-server:latest","service":"devforge-backend","timestamp":"2025-06-01T02:22:56.255Z"}
{"containers":29,"images":18,"level":"info","message":"Docker connection established:","service":"devforge-backend","timestamp":"2025-06-01T02:22:56.279Z","version":"27.5.1"}
{"level":"info","message":"Pulling image: codercom/code-server:latest","service":"devforge-backend","timestamp":"2025-06-01T02:22:56.280Z"}
{"level":"info","message":"Connected to MongoDB","service":"devforge-backend","timestamp":"2025-06-01T02:22:56.287Z"}
{"level":"info","message":"Connected to MongoDB","service":"devforge-backend","timestamp":"2025-06-01T02:22:56.288Z"}
{"containers":29,"images":18,"level":"info","message":"Docker connection established:","service":"devforge-backend","timestamp":"2025-06-01T02:22:56.330Z","version":"27.5.1"}
{"level":"info","message":"Pulling image: codercom/code-server:latest","service":"devforge-backend","timestamp":"2025-06-01T02:22:56.331Z"}
{"level":"info","message":"Connected to MongoDB","service":"devforge-backend","timestamp":"2025-06-01T02:22:56.377Z"}
{"containers":29,"images":18,"level":"info","message":"Docker connection established:","service":"devforge-backend","timestamp":"2025-06-01T02:22:56.391Z","version":"27.5.1"}
{"containers":29,"images":18,"level":"info","message":"Docker connection established:","service":"devforge-backend","timestamp":"2025-06-01T02:22:56.390Z","version":"27.5.1"}
{"level":"info","message":"Connected to MongoDB","service":"devforge-backend","timestamp":"2025-06-01T02:22:56.404Z"}
{"level":"info","message":"Pulling image: codercom/code-server:latest","service":"devforge-backend","timestamp":"2025-06-01T02:22:56.392Z"}
{"containers":29,"images":18,"level":"info","message":"Docker connection established:","service":"devforge-backend","timestamp":"2025-06-01T02:22:56.430Z","version":"27.5.1"}
{"level":"info","message":"Connected to MongoDB","service":"devforge-backend","timestamp":"2025-06-01T02:22:56.434Z"}
{"level":"info","message":"Pulling image: codercom/code-server:latest","service":"devforge-backend","timestamp":"2025-06-01T02:22:56.431Z"}
{"level":"info","message":"Pulling image: codercom/code-server:latest","service":"devforge-backend","timestamp":"2025-06-01T02:22:56.390Z"}
{"containers":29,"images":18,"level":"info","message":"Docker connection established:","service":"devforge-backend","timestamp":"2025-06-01T02:22:56.487Z","version":"27.5.1"}
{"level":"info","message":"Pulling image: codercom/code-server:latest","service":"devforge-backend","timestamp":"2025-06-01T02:22:56.487Z"}
{"containers":29,"images":18,"level":"info","message":"Docker connection established:","service":"devforge-backend","timestamp":"2025-06-01T02:22:56.515Z","version":"27.5.1"}
{"level":"info","message":"Pulling image: codercom/code-server:latest","service":"devforge-backend","timestamp":"2025-06-01T02:22:56.516Z"}
{"level":"info","message":"Successfully pulled: codercom/code-server:latest","service":"devforge-backend","timestamp":"2025-06-01T02:22:57.306Z"}
{"level":"info","message":"Pulling image: node:18-alpine","service":"devforge-backend","timestamp":"2025-06-01T02:22:57.307Z"}
{"level":"info","message":"Successfully pulled: codercom/code-server:latest","service":"devforge-backend","timestamp":"2025-06-01T02:22:57.334Z"}
{"level":"info","message":"Pulling image: node:18-alpine","service":"devforge-backend","timestamp":"2025-06-01T02:22:57.335Z"}
{"level":"info","message":"Successfully pulled: codercom/code-server:latest","service":"devforge-backend","timestamp":"2025-06-01T02:22:57.394Z"}
{"level":"info","message":"Pulling image: node:18-alpine","service":"devforge-backend","timestamp":"2025-06-01T02:22:57.394Z"}
{"level":"info","message":"Successfully pulled: codercom/code-server:latest","service":"devforge-backend","timestamp":"2025-06-01T02:22:57.491Z"}
{"level":"info","message":"Pulling image: node:18-alpine","service":"devforge-backend","timestamp":"2025-06-01T02:22:57.492Z"}
{"level":"info","message":"Successfully pulled: codercom/code-server:latest","service":"devforge-backend","timestamp":"2025-06-01T02:22:57.518Z"}
{"level":"info","message":"Successfully pulled: codercom/code-server:latest","service":"devforge-backend","timestamp":"2025-06-01T02:22:57.525Z"}
{"level":"info","message":"Pulling image: node:18-alpine","service":"devforge-backend","timestamp":"2025-06-01T02:22:57.518Z"}
{"level":"info","message":"Pulling image: node:18-alpine","service":"devforge-backend","timestamp":"2025-06-01T02:22:57.525Z"}
{"level":"info","message":"Successfully pulled: codercom/code-server:latest","service":"devforge-backend","timestamp":"2025-06-01T02:22:57.614Z"}
{"level":"info","message":"Pulling image: node:18-alpine","service":"devforge-backend","timestamp":"2025-06-01T02:22:57.614Z"}
{"level":"info","message":"Successfully pulled: codercom/code-server:latest","service":"devforge-backend","timestamp":"2025-06-01T02:22:57.629Z"}
{"level":"info","message":"Pulling image: node:18-alpine","service":"devforge-backend","timestamp":"2025-06-01T02:22:57.629Z"}
{"level":"info","message":"Successfully pulled: node:18-alpine","service":"devforge-backend","timestamp":"2025-06-01T02:22:58.318Z"}
{"level":"info","message":"Pulling image: python:3.11-alpine","service":"devforge-backend","timestamp":"2025-06-01T02:22:58.319Z"}
{"level":"info","message":"Successfully pulled: node:18-alpine","service":"devforge-backend","timestamp":"2025-06-01T02:22:58.361Z"}
{"level":"info","message":"Pulling image: python:3.11-alpine","service":"devforge-backend","timestamp":"2025-06-01T02:22:58.362Z"}
{"level":"info","message":"Successfully pulled: node:18-alpine","service":"devforge-backend","timestamp":"2025-06-01T02:22:58.429Z"}
{"level":"info","message":"Pulling image: python:3.11-alpine","service":"devforge-backend","timestamp":"2025-06-01T02:22:58.429Z"}
{"level":"info","message":"Successfully pulled: node:18-alpine","service":"devforge-backend","timestamp":"2025-06-01T02:22:58.511Z"}
{"level":"info","message":"Pulling image: python:3.11-alpine","service":"devforge-backend","timestamp":"2025-06-01T02:22:58.512Z"}
{"level":"info","message":"Successfully pulled: node:18-alpine","service":"devforge-backend","timestamp":"2025-06-01T02:22:58.555Z"}
{"level":"info","message":"Pulling image: python:3.11-alpine","service":"devforge-backend","timestamp":"2025-06-01T02:22:58.556Z"}
{"level":"info","message":"Successfully pulled: node:18-alpine","service":"devforge-backend","timestamp":"2025-06-01T02:22:58.597Z"}
{"level":"info","message":"Pulling image: python:3.11-alpine","service":"devforge-backend","timestamp":"2025-06-01T02:22:58.598Z"}
{"level":"info","message":"Successfully pulled: node:18-alpine","service":"devforge-backend","timestamp":"2025-06-01T02:22:58.648Z"}
{"level":"info","message":"Pulling image: python:3.11-alpine","service":"devforge-backend","timestamp":"2025-06-01T02:22:58.649Z"}
{"level":"info","message":"Successfully pulled: node:18-alpine","service":"devforge-backend","timestamp":"2025-06-01T02:22:58.693Z"}
{"level":"info","message":"Pulling image: python:3.11-alpine","service":"devforge-backend","timestamp":"2025-06-01T02:22:58.694Z"}
{"level":"info","message":"Successfully pulled: python:3.11-alpine","service":"devforge-backend","timestamp":"2025-06-01T02:22:59.300Z"}
{"level":"info","message":"Pulling image: rust:1.70-alpine","service":"devforge-backend","timestamp":"2025-06-01T02:22:59.301Z"}
{"level":"info","message":"Successfully pulled: python:3.11-alpine","service":"devforge-backend","timestamp":"2025-06-01T02:22:59.338Z"}
{"level":"info","message":"Pulling image: rust:1.70-alpine","service":"devforge-backend","timestamp":"2025-06-01T02:22:59.338Z"}
{"level":"info","message":"Successfully pulled: python:3.11-alpine","service":"devforge-backend","timestamp":"2025-06-01T02:22:59.399Z"}
{"level":"info","message":"Pulling image: rust:1.70-alpine","service":"devforge-backend","timestamp":"2025-06-01T02:22:59.399Z"}
{"level":"info","message":"Successfully pulled: python:3.11-alpine","service":"devforge-backend","timestamp":"2025-06-01T02:22:59.503Z"}
{"level":"info","message":"Pulling image: rust:1.70-alpine","service":"devforge-backend","timestamp":"2025-06-01T02:22:59.503Z"}
{"level":"info","message":"Successfully pulled: python:3.11-alpine","service":"devforge-backend","timestamp":"2025-06-01T02:22:59.565Z"}
{"level":"info","message":"Pulling image: rust:1.70-alpine","service":"devforge-backend","timestamp":"2025-06-01T02:22:59.566Z"}
{"level":"info","message":"Successfully pulled: python:3.11-alpine","service":"devforge-backend","timestamp":"2025-06-01T02:22:59.591Z"}
{"level":"info","message":"Pulling image: rust:1.70-alpine","service":"devforge-backend","timestamp":"2025-06-01T02:22:59.594Z"}
{"level":"info","message":"Successfully pulled: python:3.11-alpine","service":"devforge-backend","timestamp":"2025-06-01T02:22:59.645Z"}
{"level":"info","message":"Pulling image: rust:1.70-alpine","service":"devforge-backend","timestamp":"2025-06-01T02:22:59.645Z"}
{"level":"info","message":"Successfully pulled: python:3.11-alpine","service":"devforge-backend","timestamp":"2025-06-01T02:22:59.718Z"}
{"level":"info","message":"Pulling image: rust:1.70-alpine","service":"devforge-backend","timestamp":"2025-06-01T02:22:59.719Z"}
{"level":"info","message":"Successfully pulled: rust:1.70-alpine","service":"devforge-backend","timestamp":"2025-06-01T02:23:00.289Z"}
{"level":"info","message":"Docker service initialized","service":"devforge-backend","timestamp":"2025-06-01T02:23:00.293Z"}
{"level":"info","message":"WebSocket service initialized","service":"devforge-backend","timestamp":"2025-06-01T02:23:00.294Z"}
{"level":"info","message":"DevForge backend server running on port 9000","service":"devforge-backend","timestamp":"2025-06-01T02:23:00.295Z"}
{"level":"info","message":"Successfully pulled: rust:1.70-alpine","service":"devforge-backend","timestamp":"2025-06-01T02:23:00.324Z"}
{"level":"info","message":"Successfully pulled: rust:1.70-alpine","service":"devforge-backend","timestamp":"2025-06-01T02:23:00.404Z"}
{"level":"info","message":"Docker service initialized","service":"devforge-backend","timestamp":"2025-06-01T02:23:00.438Z"}
{"level":"info","message":"Successfully pulled: rust:1.70-alpine","service":"devforge-backend","timestamp":"2025-06-01T02:23:00.481Z"}
{"level":"info","message":"Successfully pulled: rust:1.70-alpine","service":"devforge-backend","timestamp":"2025-06-01T02:23:00.550Z"}
{"level":"info","message":"Docker service initialized","service":"devforge-backend","timestamp":"2025-06-01T02:23:00.564Z"}
{"level":"info","message":"Successfully pulled: rust:1.70-alpine","service":"devforge-backend","timestamp":"2025-06-01T02:23:00.590Z"}
{"level":"info","message":"Successfully pulled: rust:1.70-alpine","service":"devforge-backend","timestamp":"2025-06-01T02:23:00.659Z"}
{"level":"info","message":"Docker service initialized","service":"devforge-backend","timestamp":"2025-06-01T02:23:00.672Z"}
{"level":"info","message":"Successfully pulled: rust:1.70-alpine","service":"devforge-backend","timestamp":"2025-06-01T02:23:00.694Z"}
{"level":"info","message":"Docker service initialized","service":"devforge-backend","timestamp":"2025-06-01T02:23:00.704Z"}
{"level":"info","message":"Connected to MongoDB","service":"devforge-backend","timestamp":"2025-06-01T02:23:22.264Z"}
{"containers":29,"images":18,"level":"info","message":"Docker connection established:","service":"devforge-backend","timestamp":"2025-06-01T02:23:22.325Z","version":"27.5.1"}
{"level":"info","message":"Pulling image: codercom/code-server:latest","service":"devforge-backend","timestamp":"2025-06-01T02:23:22.326Z"}
{"level":"info","message":"Successfully pulled: codercom/code-server:latest","service":"devforge-backend","timestamp":"2025-06-01T02:23:23.327Z"}
{"level":"info","message":"Pulling image: node:18-alpine","service":"devforge-backend","timestamp":"2025-06-01T02:23:23.328Z"}
{"level":"info","message":"Successfully pulled: node:18-alpine","service":"devforge-backend","timestamp":"2025-06-01T02:23:24.309Z"}
{"level":"info","message":"Pulling image: python:3.11-alpine","service":"devforge-backend","timestamp":"2025-06-01T02:23:24.310Z"}
{"level":"info","message":"Successfully pulled: python:3.11-alpine","service":"devforge-backend","timestamp":"2025-06-01T02:23:25.289Z"}
{"level":"info","message":"Pulling image: rust:1.70-alpine","service":"devforge-backend","timestamp":"2025-06-01T02:23:25.290Z"}
{"level":"info","message":"Successfully pulled: rust:1.70-alpine","service":"devforge-backend","timestamp":"2025-06-01T02:23:26.259Z"}
{"level":"info","message":"Docker service initialized","service":"devforge-backend","timestamp":"2025-06-01T02:23:26.269Z"}
{"level":"info","message":"WebSocket service initialized","service":"devforge-backend","timestamp":"2025-06-01T02:23:26.277Z"}
{"level":"info","message":"DevForge backend server running on port 9000","service":"devforge-backend","timestamp":"2025-06-01T02:23:26.279Z"}
{"level":"info","message":"Connected to MongoDB","service":"devforge-backend","timestamp":"2025-06-01T02:24:08.857Z"}
{"containers":30,"images":18,"level":"info","message":"Docker connection established:","service":"devforge-backend","timestamp":"2025-06-01T02:24:08.901Z","version":"27.5.1"}
{"level":"info","message":"Pulling image: codercom/code-server:latest","service":"devforge-backend","timestamp":"2025-06-01T02:24:08.902Z"}
{"level":"info","message":"Successfully pulled: codercom/code-server:latest","service":"devforge-backend","timestamp":"2025-06-01T02:24:09.928Z"}
{"level":"info","message":"Pulling image: node:18-alpine","service":"devforge-backend","timestamp":"2025-06-01T02:24:09.928Z"}
{"level":"info","message":"Successfully pulled: node:18-alpine","service":"devforge-backend","timestamp":"2025-06-01T02:24:10.909Z"}
{"level":"info","message":"Pulling image: python:3.11-alpine","service":"devforge-backend","timestamp":"2025-06-01T02:24:10.909Z"}
{"level":"info","message":"Successfully pulled: python:3.11-alpine","service":"devforge-backend","timestamp":"2025-06-01T02:24:11.903Z"}
{"level":"info","message":"Pulling image: rust:1.70-alpine","service":"devforge-backend","timestamp":"2025-06-01T02:24:11.904Z"}
{"level":"info","message":"Successfully pulled: rust:1.70-alpine","service":"devforge-backend","timestamp":"2025-06-01T02:24:12.879Z"}
{"level":"info","message":"Docker service initialized","service":"devforge-backend","timestamp":"2025-06-01T02:24:12.883Z"}
{"level":"info","message":"WebSocket service initialized","service":"devforge-backend","timestamp":"2025-06-01T02:24:12.886Z"}
{"level":"info","message":"DevForge backend server running on port 9000","service":"devforge-backend","timestamp":"2025-06-01T02:24:12.889Z"}
{"level":"info","message":"Connected to MongoDB","service":"devforge-backend","timestamp":"2025-06-01T02:24:31.024Z"}
{"containers":30,"images":18,"level":"info","message":"Docker connection established:","service":"devforge-backend","timestamp":"2025-06-01T02:24:31.094Z","version":"27.5.1"}
{"level":"info","message":"Connected to MongoDB","service":"devforge-backend","timestamp":"2025-06-01T02:24:31.124Z"}
{"level":"info","message":"Pulling image: codercom/code-server:latest","service":"devforge-backend","timestamp":"2025-06-01T02:24:31.095Z"}
{"containers":30,"images":18,"level":"info","message":"Docker connection established:","service":"devforge-backend","timestamp":"2025-06-01T02:24:31.180Z","version":"27.5.1"}
{"level":"info","message":"Pulling image: codercom/code-server:latest","service":"devforge-backend","timestamp":"2025-06-01T02:24:31.180Z"}
{"level":"info","message":"Connected to MongoDB","service":"devforge-backend","timestamp":"2025-06-01T02:24:31.202Z"}
{"level":"info","message":"Connected to MongoDB","service":"devforge-backend","timestamp":"2025-06-01T02:24:31.199Z"}
{"level":"info","message":"Connected to MongoDB","service":"devforge-backend","timestamp":"2025-06-01T02:24:31.237Z"}
{"level":"info","message":"Connected to MongoDB","service":"devforge-backend","timestamp":"2025-06-01T02:24:31.250Z"}
{"containers":30,"images":18,"level":"info","message":"Docker connection established:","service":"devforge-backend","timestamp":"2025-06-01T02:24:31.282Z","version":"27.5.1"}
{"level":"info","message":"Pulling image: codercom/code-server:latest","service":"devforge-backend","timestamp":"2025-06-01T02:24:31.285Z"}
{"level":"info","message":"Connected to MongoDB","service":"devforge-backend","timestamp":"2025-06-01T02:24:31.305Z"}
{"containers":30,"images":18,"level":"info","message":"Docker connection established:","service":"devforge-backend","timestamp":"2025-06-01T02:24:31.322Z","version":"27.5.1"}
{"containers":30,"images":18,"level":"info","message":"Docker connection established:","service":"devforge-backend","timestamp":"2025-06-01T02:24:31.324Z","version":"27.5.1"}
{"containers":30,"images":18,"level":"info","message":"Docker connection established:","service":"devforge-backend","timestamp":"2025-06-01T02:24:31.332Z","version":"27.5.1"}
{"level":"info","message":"Pulling image: codercom/code-server:latest","service":"devforge-backend","timestamp":"2025-06-01T02:24:31.326Z"}
{"level":"info","message":"Pulling image: codercom/code-server:latest","service":"devforge-backend","timestamp":"2025-06-01T02:24:31.332Z"}
{"level":"info","message":"Pulling image: codercom/code-server:latest","service":"devforge-backend","timestamp":"2025-06-01T02:24:31.326Z"}
{"containers":30,"images":18,"level":"info","message":"Docker connection established:","service":"devforge-backend","timestamp":"2025-06-01T02:24:31.411Z","version":"27.5.1"}
{"level":"info","message":"Pulling image: codercom/code-server:latest","service":"devforge-backend","timestamp":"2025-06-01T02:24:31.412Z"}
{"level":"info","message":"Successfully pulled: codercom/code-server:latest","service":"devforge-backend","timestamp":"2025-06-01T02:24:32.174Z"}
{"level":"info","message":"Pulling image: node:18-alpine","service":"devforge-backend","timestamp":"2025-06-01T02:24:32.174Z"}
{"level":"info","message":"Successfully pulled: codercom/code-server:latest","service":"devforge-backend","timestamp":"2025-06-01T02:24:32.196Z"}
{"level":"info","message":"Pulling image: node:18-alpine","service":"devforge-backend","timestamp":"2025-06-01T02:24:32.196Z"}
{"level":"info","message":"Successfully pulled: codercom/code-server:latest","service":"devforge-backend","timestamp":"2025-06-01T02:24:32.282Z"}
{"level":"info","message":"Pulling image: node:18-alpine","service":"devforge-backend","timestamp":"2025-06-01T02:24:32.282Z"}
{"level":"info","message":"Successfully pulled: codercom/code-server:latest","service":"devforge-backend","timestamp":"2025-06-01T02:24:32.316Z"}
{"level":"info","message":"Pulling image: node:18-alpine","service":"devforge-backend","timestamp":"2025-06-01T02:24:32.316Z"}
{"level":"info","message":"Successfully pulled: codercom/code-server:latest","service":"devforge-backend","timestamp":"2025-06-01T02:24:32.367Z"}
{"level":"info","message":"Pulling image: node:18-alpine","service":"devforge-backend","timestamp":"2025-06-01T02:24:32.367Z"}
{"level":"info","message":"Successfully pulled: codercom/code-server:latest","service":"devforge-backend","timestamp":"2025-06-01T02:24:32.380Z"}
{"level":"info","message":"Pulling image: node:18-alpine","service":"devforge-backend","timestamp":"2025-06-01T02:24:32.380Z"}
{"level":"info","message":"Successfully pulled: codercom/code-server:latest","service":"devforge-backend","timestamp":"2025-06-01T02:24:32.443Z"}
{"level":"info","message":"Pulling image: node:18-alpine","service":"devforge-backend","timestamp":"2025-06-01T02:24:32.443Z"}
{"level":"info","message":"Successfully pulled: node:18-alpine","service":"devforge-backend","timestamp":"2025-06-01T02:24:33.185Z"}
{"level":"info","message":"Pulling image: python:3.11-alpine","service":"devforge-backend","timestamp":"2025-06-01T02:24:33.186Z"}
{"level":"info","message":"Successfully pulled: node:18-alpine","service":"devforge-backend","timestamp":"2025-06-01T02:24:33.198Z"}
{"level":"info","message":"Pulling image: python:3.11-alpine","service":"devforge-backend","timestamp":"2025-06-01T02:24:33.199Z"}
{"level":"info","message":"Successfully pulled: node:18-alpine","service":"devforge-backend","timestamp":"2025-06-01T02:24:33.275Z"}
{"level":"info","message":"Pulling image: python:3.11-alpine","service":"devforge-backend","timestamp":"2025-06-01T02:24:33.276Z"}
{"level":"info","message":"Successfully pulled: node:18-alpine","service":"devforge-backend","timestamp":"2025-06-01T02:24:33.321Z"}
{"level":"info","message":"Pulling image: python:3.11-alpine","service":"devforge-backend","timestamp":"2025-06-01T02:24:33.321Z"}
{"level":"info","message":"Successfully pulled: node:18-alpine","service":"devforge-backend","timestamp":"2025-06-01T02:24:33.366Z"}
{"level":"info","message":"Pulling image: python:3.11-alpine","service":"devforge-backend","timestamp":"2025-06-01T02:24:33.367Z"}
{"level":"info","message":"Successfully pulled: node:18-alpine","service":"devforge-backend","timestamp":"2025-06-01T02:24:33.398Z"}
{"level":"info","message":"Pulling image: python:3.11-alpine","service":"devforge-backend","timestamp":"2025-06-01T02:24:33.399Z"}
{"level":"info","message":"Successfully pulled: node:18-alpine","service":"devforge-backend","timestamp":"2025-06-01T02:24:33.465Z"}
{"level":"info","message":"Pulling image: python:3.11-alpine","service":"devforge-backend","timestamp":"2025-06-01T02:24:33.466Z"}
{"level":"info","message":"Successfully pulled: python:3.11-alpine","service":"devforge-backend","timestamp":"2025-06-01T02:24:34.179Z"}
{"level":"info","message":"Pulling image: rust:1.70-alpine","service":"devforge-backend","timestamp":"2025-06-01T02:24:34.180Z"}
{"level":"info","message":"Successfully pulled: python:3.11-alpine","service":"devforge-backend","timestamp":"2025-06-01T02:24:34.208Z"}
{"level":"info","message":"Pulling image: rust:1.70-alpine","service":"devforge-backend","timestamp":"2025-06-01T02:24:34.209Z"}
{"level":"info","message":"Successfully pulled: python:3.11-alpine","service":"devforge-backend","timestamp":"2025-06-01T02:24:34.273Z"}
{"level":"info","message":"Pulling image: rust:1.70-alpine","service":"devforge-backend","timestamp":"2025-06-01T02:24:34.274Z"}
{"level":"info","message":"Successfully pulled: python:3.11-alpine","service":"devforge-backend","timestamp":"2025-06-01T02:24:34.320Z"}
{"level":"info","message":"Pulling image: rust:1.70-alpine","service":"devforge-backend","timestamp":"2025-06-01T02:24:34.320Z"}
{"level":"info","message":"Successfully pulled: python:3.11-alpine","service":"devforge-backend","timestamp":"2025-06-01T02:24:34.373Z"}
{"level":"info","message":"Pulling image: rust:1.70-alpine","service":"devforge-backend","timestamp":"2025-06-01T02:24:34.373Z"}
{"level":"info","message":"Successfully pulled: python:3.11-alpine","service":"devforge-backend","timestamp":"2025-06-01T02:24:34.426Z"}
{"level":"info","message":"Pulling image: rust:1.70-alpine","service":"devforge-backend","timestamp":"2025-06-01T02:24:34.427Z"}
{"level":"info","message":"Successfully pulled: python:3.11-alpine","service":"devforge-backend","timestamp":"2025-06-01T02:24:34.479Z"}
{"level":"info","message":"Pulling image: rust:1.70-alpine","service":"devforge-backend","timestamp":"2025-06-01T02:24:34.479Z"}
{"level":"info","message":"Successfully pulled: rust:1.70-alpine","service":"devforge-backend","timestamp":"2025-06-01T02:24:35.147Z"}
{"level":"info","message":"Docker service initialized","service":"devforge-backend","timestamp":"2025-06-01T02:24:35.154Z"}
{"level":"info","message":"WebSocket service initialized","service":"devforge-backend","timestamp":"2025-06-01T02:24:35.155Z"}
{"level":"info","message":"DevForge backend server running on port 9000","service":"devforge-backend","timestamp":"2025-06-01T02:24:35.157Z"}
{"level":"info","message":"Successfully pulled: rust:1.70-alpine","service":"devforge-backend","timestamp":"2025-06-01T02:24:35.192Z"}
{"level":"info","message":"Docker service initialized","service":"devforge-backend","timestamp":"2025-06-01T02:24:35.195Z"}
{"level":"info","message":"Successfully pulled: rust:1.70-alpine","service":"devforge-backend","timestamp":"2025-06-01T02:24:35.253Z"}
{"level":"info","message":"Docker service initialized","service":"devforge-backend","timestamp":"2025-06-01T02:24:35.258Z"}
{"level":"info","message":"Successfully pulled: rust:1.70-alpine","service":"devforge-backend","timestamp":"2025-06-01T02:24:35.307Z"}
{"level":"info","message":"Docker service initialized","service":"devforge-backend","timestamp":"2025-06-01T02:24:35.311Z"}
{"level":"info","message":"Successfully pulled: rust:1.70-alpine","service":"devforge-backend","timestamp":"2025-06-01T02:24:35.352Z"}
{"level":"info","message":"Docker service initialized","service":"devforge-backend","timestamp":"2025-06-01T02:24:35.356Z"}
{"level":"info","message":"Successfully pulled: rust:1.70-alpine","service":"devforge-backend","timestamp":"2025-06-01T02:24:35.401Z"}
{"level":"info","message":"Docker service initialized","service":"devforge-backend","timestamp":"2025-06-01T02:24:35.405Z"}
{"level":"info","message":"Successfully pulled: rust:1.70-alpine","service":"devforge-backend","timestamp":"2025-06-01T02:24:35.448Z"}
{"level":"info","message":"Docker service initialized","service":"devforge-backend","timestamp":"2025-06-01T02:24:35.452Z"}
{"level":"info","message":"Connected to MongoDB","service":"devforge-backend","timestamp":"2025-06-01T02:27:14.573Z"}
{"level":"info","message":"Connected to MongoDB","service":"devforge-backend","timestamp":"2025-06-01T02:27:14.548Z"}
{"level":"info","message":"Connected to MongoDB","service":"devforge-backend","timestamp":"2025-06-01T02:27:14.589Z"}
{"containers":30,"images":18,"level":"info","message":"Docker connection established:","service":"devforge-backend","timestamp":"2025-06-01T02:27:14.599Z","version":"27.5.1"}
{"level":"info","message":"Pulling image: codercom/code-server:latest","service":"devforge-backend","timestamp":"2025-06-01T02:27:14.599Z"}
{"containers":30,"images":18,"level":"info","message":"Docker connection established:","service":"devforge-backend","timestamp":"2025-06-01T02:27:14.661Z","version":"27.5.1"}
{"level":"info","message":"Pulling image: codercom/code-server:latest","service":"devforge-backend","timestamp":"2025-06-01T02:27:14.663Z"}
{"containers":30,"images":18,"level":"info","message":"Docker connection established:","service":"devforge-backend","timestamp":"2025-06-01T02:27:14.701Z","version":"27.5.1"}
{"level":"info","message":"Connected to MongoDB","service":"devforge-backend","timestamp":"2025-06-01T02:27:14.719Z"}
{"level":"info","message":"Connected to MongoDB","service":"devforge-backend","timestamp":"2025-06-01T02:27:14.740Z"}
{"level":"info","message":"Pulling image: codercom/code-server:latest","service":"devforge-backend","timestamp":"2025-06-01T02:27:14.705Z"}
{"level":"info","message":"Connected to MongoDB","service":"devforge-backend","timestamp":"2025-06-01T02:27:14.791Z"}
{"containers":30,"images":18,"level":"info","message":"Docker connection established:","service":"devforge-backend","timestamp":"2025-06-01T02:27:14.815Z","version":"27.5.1"}
{"level":"info","message":"Connected to MongoDB","service":"devforge-backend","timestamp":"2025-06-01T02:27:14.813Z"}
{"level":"info","message":"Pulling image: codercom/code-server:latest","service":"devforge-backend","timestamp":"2025-06-01T02:27:14.815Z"}
{"containers":30,"images":18,"level":"info","message":"Docker connection established:","service":"devforge-backend","timestamp":"2025-06-01T02:27:14.840Z","version":"27.5.1"}
{"level":"info","message":"Pulling image: codercom/code-server:latest","service":"devforge-backend","timestamp":"2025-06-01T02:27:14.840Z"}
{"containers":30,"images":18,"level":"info","message":"Docker connection established:","service":"devforge-backend","timestamp":"2025-06-01T02:27:14.865Z","version":"27.5.1"}
{"containers":30,"images":18,"level":"info","message":"Docker connection established:","service":"devforge-backend","timestamp":"2025-06-01T02:27:14.885Z","version":"27.5.1"}
{"level":"info","message":"Pulling image: codercom/code-server:latest","service":"devforge-backend","timestamp":"2025-06-01T02:27:14.888Z"}
{"level":"info","message":"Pulling image: codercom/code-server:latest","service":"devforge-backend","timestamp":"2025-06-01T02:27:14.869Z"}
{"level":"info","message":"Connected to MongoDB","service":"devforge-backend","timestamp":"2025-06-01T02:27:17.326Z"}
{"level":"info","message":"Connected to MongoDB","service":"devforge-backend","timestamp":"2025-06-01T02:27:17.329Z"}
{"level":"info","message":"Connected to MongoDB","service":"devforge-backend","timestamp":"2025-06-01T02:27:17.356Z"}
{"containers":30,"images":18,"level":"info","message":"Docker connection established:","service":"devforge-backend","timestamp":"2025-06-01T02:27:17.421Z","version":"27.5.1"}
{"containers":30,"images":18,"level":"info","message":"Docker connection established:","service":"devforge-backend","timestamp":"2025-06-01T02:27:17.422Z","version":"27.5.1"}
{"level":"info","message":"Connected to MongoDB","service":"devforge-backend","timestamp":"2025-06-01T02:27:17.422Z"}
{"level":"info","message":"Pulling image: codercom/code-server:latest","service":"devforge-backend","timestamp":"2025-06-01T02:27:17.422Z"}
{"level":"info","message":"Connected to MongoDB","service":"devforge-backend","timestamp":"2025-06-01T02:27:17.443Z"}
{"level":"info","message":"Pulling image: codercom/code-server:latest","service":"devforge-backend","timestamp":"2025-06-01T02:27:17.423Z"}
{"containers":30,"images":18,"level":"info","message":"Docker connection established:","service":"devforge-backend","timestamp":"2025-06-01T02:27:17.464Z","version":"27.5.1"}
{"level":"info","message":"Connected to MongoDB","service":"devforge-backend","timestamp":"2025-06-01T02:27:17.475Z"}
{"level":"info","message":"Connected to MongoDB","service":"devforge-backend","timestamp":"2025-06-01T02:27:17.483Z"}
{"level":"info","message":"Pulling image: codercom/code-server:latest","service":"devforge-backend","timestamp":"2025-06-01T02:27:17.467Z"}
{"containers":30,"images":18,"level":"info","message":"Docker connection established:","service":"devforge-backend","timestamp":"2025-06-01T02:27:17.507Z","version":"27.5.1"}
{"containers":30,"images":18,"level":"info","message":"Docker connection established:","service":"devforge-backend","timestamp":"2025-06-01T02:27:17.530Z","version":"27.5.1"}
{"level":"info","message":"Pulling image: codercom/code-server:latest","service":"devforge-backend","timestamp":"2025-06-01T02:27:17.508Z"}
{"containers":30,"images":18,"level":"info","message":"Docker connection established:","service":"devforge-backend","timestamp":"2025-06-01T02:27:17.564Z","version":"27.5.1"}
{"level":"info","message":"Pulling image: codercom/code-server:latest","service":"devforge-backend","timestamp":"2025-06-01T02:27:17.531Z"}
{"level":"info","message":"Pulling image: codercom/code-server:latest","service":"devforge-backend","timestamp":"2025-06-01T02:27:17.565Z"}
{"containers":30,"images":18,"level":"info","message":"Docker connection established:","service":"devforge-backend","timestamp":"2025-06-01T02:27:17.598Z","version":"27.5.1"}
{"level":"info","message":"Pulling image: codercom/code-server:latest","service":"devforge-backend","timestamp":"2025-06-01T02:27:17.601Z"}
{"level":"info","message":"Connected to MongoDB","service":"devforge-backend","timestamp":"2025-06-01T02:27:17.657Z"}
{"containers":30,"images":18,"level":"info","message":"Docker connection established:","service":"devforge-backend","timestamp":"2025-06-01T02:27:17.709Z","version":"27.5.1"}
{"level":"info","message":"Pulling image: codercom/code-server:latest","service":"devforge-backend","timestamp":"2025-06-01T02:27:17.709Z"}
{"level":"info","message":"Successfully pulled: codercom/code-server:latest","service":"devforge-backend","timestamp":"2025-06-01T02:27:18.433Z"}
{"level":"info","message":"Pulling image: node:18-alpine","service":"devforge-backend","timestamp":"2025-06-01T02:27:18.433Z"}
{"level":"info","message":"Successfully pulled: codercom/code-server:latest","service":"devforge-backend","timestamp":"2025-06-01T02:27:18.450Z"}
{"level":"info","message":"Pulling image: node:18-alpine","service":"devforge-backend","timestamp":"2025-06-01T02:27:18.450Z"}
{"level":"info","message":"Successfully pulled: codercom/code-server:latest","service":"devforge-backend","timestamp":"2025-06-01T02:27:18.520Z"}
{"level":"info","message":"Pulling image: node:18-alpine","service":"devforge-backend","timestamp":"2025-06-01T02:27:18.520Z"}
{"level":"info","message":"Successfully pulled: codercom/code-server:latest","service":"devforge-backend","timestamp":"2025-06-01T02:27:18.533Z"}
{"level":"info","message":"Pulling image: node:18-alpine","service":"devforge-backend","timestamp":"2025-06-01T02:27:18.534Z"}
{"level":"info","message":"Successfully pulled: codercom/code-server:latest","service":"devforge-backend","timestamp":"2025-06-01T02:27:18.639Z"}
{"level":"info","message":"Pulling image: node:18-alpine","service":"devforge-backend","timestamp":"2025-06-01T02:27:18.640Z"}
{"level":"info","message":"Successfully pulled: codercom/code-server:latest","service":"devforge-backend","timestamp":"2025-06-01T02:27:18.649Z"}
{"level":"info","message":"Pulling image: node:18-alpine","service":"devforge-backend","timestamp":"2025-06-01T02:27:18.650Z"}
{"level":"info","message":"Successfully pulled: codercom/code-server:latest","service":"devforge-backend","timestamp":"2025-06-01T02:27:18.661Z"}
{"level":"info","message":"Pulling image: node:18-alpine","service":"devforge-backend","timestamp":"2025-06-01T02:27:18.663Z"}
{"level":"info","message":"Successfully pulled: codercom/code-server:latest","service":"devforge-backend","timestamp":"2025-06-01T02:27:18.781Z"}
{"level":"info","message":"Pulling image: node:18-alpine","service":"devforge-backend","timestamp":"2025-06-01T02:27:18.782Z"}
{"level":"info","message":"Successfully pulled: node:18-alpine","service":"devforge-backend","timestamp":"2025-06-01T02:27:19.450Z"}
{"level":"info","message":"Pulling image: python:3.11-alpine","service":"devforge-backend","timestamp":"2025-06-01T02:27:19.452Z"}
{"level":"info","message":"Successfully pulled: node:18-alpine","service":"devforge-backend","timestamp":"2025-06-01T02:27:19.476Z"}
{"level":"info","message":"Pulling image: python:3.11-alpine","service":"devforge-backend","timestamp":"2025-06-01T02:27:19.477Z"}
{"level":"info","message":"Successfully pulled: node:18-alpine","service":"devforge-backend","timestamp":"2025-06-01T02:27:19.524Z"}
{"level":"info","message":"Pulling image: python:3.11-alpine","service":"devforge-backend","timestamp":"2025-06-01T02:27:19.525Z"}
{"level":"info","message":"Successfully pulled: node:18-alpine","service":"devforge-backend","timestamp":"2025-06-01T02:27:19.578Z"}
{"level":"info","message":"Pulling image: python:3.11-alpine","service":"devforge-backend","timestamp":"2025-06-01T02:27:19.578Z"}
{"level":"info","message":"Successfully pulled: node:18-alpine","service":"devforge-backend","timestamp":"2025-06-01T02:27:19.664Z"}
{"level":"info","message":"Pulling image: python:3.11-alpine","service":"devforge-backend","timestamp":"2025-06-01T02:27:19.665Z"}
{"level":"info","message":"Successfully pulled: node:18-alpine","service":"devforge-backend","timestamp":"2025-06-01T02:27:19.691Z"}
{"level":"info","message":"Pulling image: python:3.11-alpine","service":"devforge-backend","timestamp":"2025-06-01T02:27:19.692Z"}
{"level":"info","message":"Successfully pulled: node:18-alpine","service":"devforge-backend","timestamp":"2025-06-01T02:27:19.723Z"}
{"level":"info","message":"Pulling image: python:3.11-alpine","service":"devforge-backend","timestamp":"2025-06-01T02:27:19.724Z"}
{"level":"info","message":"Successfully pulled: node:18-alpine","service":"devforge-backend","timestamp":"2025-06-01T02:27:19.818Z"}
{"level":"info","message":"Pulling image: python:3.11-alpine","service":"devforge-backend","timestamp":"2025-06-01T02:27:19.818Z"}
{"level":"info","message":"Successfully pulled: python:3.11-alpine","service":"devforge-backend","timestamp":"2025-06-01T02:27:20.443Z"}
{"level":"info","message":"Pulling image: rust:1.70-alpine","service":"devforge-backend","timestamp":"2025-06-01T02:27:20.443Z"}
{"level":"info","message":"Successfully pulled: python:3.11-alpine","service":"devforge-backend","timestamp":"2025-06-01T02:27:20.495Z"}
{"level":"info","message":"Pulling image: rust:1.70-alpine","service":"devforge-backend","timestamp":"2025-06-01T02:27:20.495Z"}
{"level":"info","message":"Successfully pulled: python:3.11-alpine","service":"devforge-backend","timestamp":"2025-06-01T02:27:20.580Z"}
{"level":"info","message":"Pulling image: rust:1.70-alpine","service":"devforge-backend","timestamp":"2025-06-01T02:27:20.581Z"}
{"level":"info","message":"Successfully pulled: python:3.11-alpine","service":"devforge-backend","timestamp":"2025-06-01T02:27:20.594Z"}
{"level":"info","message":"Pulling image: rust:1.70-alpine","service":"devforge-backend","timestamp":"2025-06-01T02:27:20.595Z"}
{"level":"info","message":"Successfully pulled: python:3.11-alpine","service":"devforge-backend","timestamp":"2025-06-01T02:27:20.660Z"}
{"level":"info","message":"Pulling image: rust:1.70-alpine","service":"devforge-backend","timestamp":"2025-06-01T02:27:20.661Z"}
{"level":"info","message":"Successfully pulled: python:3.11-alpine","service":"devforge-backend","timestamp":"2025-06-01T02:27:20.756Z"}
{"level":"info","message":"Pulling image: rust:1.70-alpine","service":"devforge-backend","timestamp":"2025-06-01T02:27:20.757Z"}
{"level":"info","message":"Successfully pulled: python:3.11-alpine","service":"devforge-backend","timestamp":"2025-06-01T02:27:20.812Z"}
{"level":"info","message":"Pulling image: rust:1.70-alpine","service":"devforge-backend","timestamp":"2025-06-01T02:27:20.813Z"}
{"level":"info","message":"Successfully pulled: python:3.11-alpine","service":"devforge-backend","timestamp":"2025-06-01T02:27:20.887Z"}
{"level":"info","message":"Pulling image: rust:1.70-alpine","service":"devforge-backend","timestamp":"2025-06-01T02:27:20.888Z"}
{"level":"info","message":"Successfully pulled: rust:1.70-alpine","service":"devforge-backend","timestamp":"2025-06-01T02:27:21.412Z"}
{"level":"info","message":"Docker service initialized","service":"devforge-backend","timestamp":"2025-06-01T02:27:21.424Z"}
{"level":"info","message":"WebSocket service initialized","service":"devforge-backend","timestamp":"2025-06-01T02:27:21.426Z"}
{"level":"info","message":"DevForge backend server running on port 9000","service":"devforge-backend","timestamp":"2025-06-01T02:27:21.430Z"}
{"level":"info","message":"Successfully pulled: rust:1.70-alpine","service":"devforge-backend","timestamp":"2025-06-01T02:27:21.495Z"}
{"level":"info","message":"Docker service initialized","service":"devforge-backend","timestamp":"2025-06-01T02:27:21.503Z"}
{"level":"info","message":"Successfully pulled: rust:1.70-alpine","service":"devforge-backend","timestamp":"2025-06-01T02:27:21.573Z"}
{"level":"info","message":"Docker service initialized","service":"devforge-backend","timestamp":"2025-06-01T02:27:21.577Z"}
{"level":"info","message":"Successfully pulled: rust:1.70-alpine","service":"devforge-backend","timestamp":"2025-06-01T02:27:21.609Z"}
{"level":"info","message":"Docker service initialized","service":"devforge-backend","timestamp":"2025-06-01T02:27:21.614Z"}
{"level":"info","message":"Successfully pulled: rust:1.70-alpine","service":"devforge-backend","timestamp":"2025-06-01T02:27:21.660Z"}
{"level":"info","message":"Docker service initialized","service":"devforge-backend","timestamp":"2025-06-01T02:27:21.666Z"}
{"level":"info","message":"Successfully pulled: rust:1.70-alpine","service":"devforge-backend","timestamp":"2025-06-01T02:27:21.766Z"}
{"level":"info","message":"Docker service initialized","service":"devforge-backend","timestamp":"2025-06-01T02:27:21.770Z"}
{"level":"info","message":"Successfully pulled: rust:1.70-alpine","service":"devforge-backend","timestamp":"2025-06-01T02:27:21.830Z"}
{"level":"info","message":"Docker service initialized","service":"devforge-backend","timestamp":"2025-06-01T02:27:21.836Z"}
{"level":"info","message":"Successfully pulled: rust:1.70-alpine","service":"devforge-backend","timestamp":"2025-06-01T02:27:21.885Z"}
{"level":"info","message":"Docker service initialized","service":"devforge-backend","timestamp":"2025-06-01T02:27:21.889Z"}
{"level":"info","message":"Connected to MongoDB","service":"devforge-backend","timestamp":"2025-06-01T02:27:37.859Z"}
{"containers":30,"images":18,"level":"info","message":"Docker connection established:","service":"devforge-backend","timestamp":"2025-06-01T02:27:37.909Z","version":"27.5.1"}
{"level":"info","message":"Pulling image: codercom/code-server:latest","service":"devforge-backend","timestamp":"2025-06-01T02:27:37.923Z"}
{"level":"info","message":"Successfully pulled: codercom/code-server:latest","service":"devforge-backend","timestamp":"2025-06-01T02:27:38.937Z"}
{"level":"info","message":"Pulling image: node:18-alpine","service":"devforge-backend","timestamp":"2025-06-01T02:27:38.938Z"}
{"level":"info","message":"Successfully pulled: node:18-alpine","service":"devforge-backend","timestamp":"2025-06-01T02:27:39.957Z"}
{"level":"info","message":"Pulling image: python:3.11-alpine","service":"devforge-backend","timestamp":"2025-06-01T02:27:39.958Z"}
{"level":"info","message":"Successfully pulled: python:3.11-alpine","service":"devforge-backend","timestamp":"2025-06-01T02:27:40.980Z"}
{"level":"info","message":"Pulling image: rust:1.70-alpine","service":"devforge-backend","timestamp":"2025-06-01T02:27:40.981Z"}
{"level":"info","message":"Successfully pulled: rust:1.70-alpine","service":"devforge-backend","timestamp":"2025-06-01T02:27:41.956Z"}
{"level":"info","message":"Docker service initialized","service":"devforge-backend","timestamp":"2025-06-01T02:27:41.960Z"}
{"level":"info","message":"WebSocket service initialized","service":"devforge-backend","timestamp":"2025-06-01T02:27:41.961Z"}
{"level":"info","message":"DevForge backend server running on port 9000","service":"devforge-backend","timestamp":"2025-06-01T02:27:41.962Z"}
{"level":"info","message":"Connected to MongoDB","service":"devforge-backend","timestamp":"2025-06-01T02:29:10.945Z"}
{"containers":30,"images":18,"level":"info","message":"Docker connection established:","service":"devforge-backend","timestamp":"2025-06-01T02:29:10.988Z","version":"27.5.1"}
{"level":"info","message":"Pulling image: codercom/code-server:latest","service":"devforge-backend","timestamp":"2025-06-01T02:29:10.989Z"}
{"level":"info","message":"Successfully pulled: codercom/code-server:latest","service":"devforge-backend","timestamp":"2025-06-01T02:29:12.028Z"}
{"level":"info","message":"Pulling image: node:18-alpine","service":"devforge-backend","timestamp":"2025-06-01T02:29:12.028Z"}
{"level":"info","message":"Successfully pulled: node:18-alpine","service":"devforge-backend","timestamp":"2025-06-01T02:29:13.014Z"}
{"level":"info","message":"Pulling image: python:3.11-alpine","service":"devforge-backend","timestamp":"2025-06-01T02:29:13.015Z"}
{"level":"info","message":"Successfully pulled: python:3.11-alpine","service":"devforge-backend","timestamp":"2025-06-01T02:29:13.994Z"}
{"level":"info","message":"Pulling image: rust:1.70-alpine","service":"devforge-backend","timestamp":"2025-06-01T02:29:13.994Z"}
{"level":"info","message":"Successfully pulled: rust:1.70-alpine","service":"devforge-backend","timestamp":"2025-06-01T02:29:14.967Z"}
{"level":"info","message":"Docker service initialized","service":"devforge-backend","timestamp":"2025-06-01T02:29:14.970Z"}
{"level":"info","message":"WebSocket service initialized","service":"devforge-backend","timestamp":"2025-06-01T02:29:14.971Z"}
{"level":"info","message":"DevForge backend server running on port 9000","service":"devforge-backend","timestamp":"2025-06-01T02:29:14.972Z"}
